  Engine.cpp
Source Files\Engine.cpp(122): warning C4018: '<': signed/unsigned mismatch
Source Files\Engine.cpp(151): warning C4018: '<': signed/unsigned mismatch
Source Files\Engine.cpp(179): warning C4018: '<': signed/unsigned mismatch
Source Files\Engine.cpp(182): warning C4018: '<': signed/unsigned mismatch
Source Files\Engine.cpp(185): warning C4018: '<': signed/unsigned mismatch
Source Files\Engine.cpp(188): warning C4018: '<': signed/unsigned mismatch
  Player.cpp
  PlayerClasses.cpp
Source Files\PlayerClasses.cpp(25): warning C4244: 'return': conversion from 'double' to 'int', possible loss of data
Source Files\PlayerClasses.cpp(28): warning C4244: 'return': conversion from 'double' to 'int', possible loss of data
Source Files\PlayerClasses.cpp(68): warning C4244: 'return': conversion from 'double' to 'int', possible loss of data
Source Files\PlayerClasses.cpp(71): warning C4244: 'return': conversion from 'double' to 'int', possible loss of data
Source Files\PlayerClasses.cpp(110): warning C4244: 'return': conversion from 'double' to 'int', possible loss of data
Source Files\PlayerClasses.cpp(113): warning C4244: 'return': conversion from 'double' to 'int', possible loss of data
Source Files\PlayerClasses.cpp(154): warning C4244: 'return': conversion from 'double' to 'int', possible loss of data
Source Files\PlayerClasses.cpp(157): warning C4244: 'return': conversion from 'double' to 'int', possible loss of data
  main.cpp
main.cpp(7): warning C4244: 'argument': conversion from 'time_t' to 'unsigned int', possible loss of data
  Generating code
h:\google drive\visual studio projects\___uat\c_c++ programming ii\final project - rpg\final project - rpg\source files\engine.cpp(26): warning C4172: returning address of local variable or temporary: action
h:\google drive\visual studio projects\___uat\c_c++ programming ii\final project - rpg\final project - rpg\source files\player.cpp(95): warning C4715: 'Player::CombatLoop': not all control paths return a value
  Finished generating code
  All 596 functions were compiled because no usable IPDB/IOBJ from previous compilation was found.
  Final Project - RPG.vcxproj -> H:\Google Drive\Visual Studio Projects\___UAT\C_C++ Programming II\Final Project - RPG\Release\Final Project - RPG.exe
  Final Project - RPG.vcxproj -> H:\Google Drive\Visual Studio Projects\___UAT\C_C++ Programming II\Final Project - RPG\Release\Final Project - RPG.pdb (Full PDB)
